2024-02-28 10:33:02.226 [main] INFO  stepDefinition.Signup - Chrome Driver is initialized
2024-02-28 10:33:08.098 [main] INFO  stepDefinition.Signup - Selenium Practice form is launched
2024-02-28 10:41:05.389 [main] INFO  stepDefinition.Signup - Chrome Driver is initialized
2024-02-28 10:41:36.098 [main] INFO  stepDefinition.Signup - Selenium Practice form is launched
2024-02-28 10:41:36.114 [main] INFO  stepDefinition.Signup - Page Title is:
2024-02-28 10:41:37.074 [main] INFO  stepDefinition.Signup - FirstName is entered
2024-02-28 10:41:37.598 [main] INFO  stepDefinition.Signup - LastName is entered
2024-02-28 10:41:37.839 [main] INFO  stepDefinition.Signup - Gender is selected
2024-02-28 10:41:38.134 [main] INFO  stepDefinition.Signup - Experience in years is entered
2024-02-28 10:41:38.525 [main] INFO  stepDefinition.Signup - Valid date is entered
2024-02-28 10:41:38.784 [main] INFO  stepDefinition.Signup - Profession details are entered
2024-02-28 10:41:45.201 [main] INFO  stepDefinition.Signup - https://www.techlistic.com/p/selenium-practice-form.html
2024-02-28 10:41:45.214 [main] INFO  stepDefinition.Signup - 
2024-02-28 10:44:56.479 [main] INFO  stepDefinition.Signup - Chrome Driver is initialized
2024-02-28 10:45:24.206 [main] INFO  stepDefinition.Signup - Selenium Practice form is launched
2024-02-28 10:45:24.226 [main] INFO  stepDefinition.Signup - Page Title is:
2024-02-28 10:45:24.993 [main] INFO  stepDefinition.Signup - FirstName is entered
2024-02-28 10:45:25.528 [main] INFO  stepDefinition.Signup - LastName is entered
2024-02-28 10:45:25.785 [main] INFO  stepDefinition.Signup - Gender is selected
2024-02-28 10:45:26.136 [main] INFO  stepDefinition.Signup - Experience in years is entered
2024-02-28 10:45:26.549 [main] INFO  stepDefinition.Signup - Valid date is entered
2024-02-28 10:45:26.752 [main] INFO  stepDefinition.Signup - Profession details are entered
2024-02-28 10:45:32.915 [main] INFO  stepDefinition.Signup - https://www.techlistic.com/p/selenium-practice-form.html
2024-02-28 10:45:32.932 [main] INFO  stepDefinition.Signup - 
2024-02-28 13:29:41.426 [main] INFO  stepDefinition.GoogleSearch - Chrome Driver is initialized
2024-02-28 13:29:43.709 [main] INFO  stepDefinition.GoogleSearch - Magento Ecommerce website is launched
2024-02-28 13:33:48.410 [main] INFO  stepDefinition.GoogleSearch - Chrome Driver is initialized
2024-02-28 13:33:50.590 [main] INFO  stepDefinition.GoogleSearch - Magento Ecommerce website is launched
2024-02-28 13:38:36.363 [main] INFO  stepDefinition.GoogleSearch - Chrome Driver is initialized
2024-02-28 13:38:40.473 [main] INFO  stepDefinition.GoogleSearch - Magento Ecommerce website is launched
2024-02-28 13:39:18.853 [main] INFO  stepDefinition.GoogleSearch - Chrome Driver is initialized
2024-02-28 13:39:21.001 [main] INFO  stepDefinition.GoogleSearch - Magento Ecommerce website is launched
2024-02-28 13:48:43.844 [main] INFO  stepDefinition.GoogleSearch - Chrome Driver is initialized
2024-02-28 13:48:46.101 [main] INFO  stepDefinition.GoogleSearch - Magento Ecommerce website is launched
2024-02-28 13:56:55.939 [main] INFO  stepDefinition.GoogleSearch - Chrome Driver is initialized
2024-02-28 13:56:58.228 [main] INFO  stepDefinition.GoogleSearch - Magento Ecommerce website is launched
2024-02-28 13:58:02.207 [main] INFO  stepDefinition.GoogleSearch - Chrome Driver is initialized
2024-02-28 13:58:15.838 [main] INFO  stepDefinition.GoogleSearch - Magento Ecommerce website is launched
2024-02-28 13:59:56.459 [main] INFO  stepDefinition.GoogleSearch - Chrome Driver is initialized
2024-02-28 13:59:59.236 [main] INFO  stepDefinition.GoogleSearch - Magento Ecommerce website is launched
2024-02-28 14:01:21.773 [main] INFO  stepDefinition.GoogleSearch - Chrome Driver is initialized
2024-02-28 14:01:26.641 [main] INFO  stepDefinition.GoogleSearch - Magento Ecommerce website is launched
2024-02-28 14:04:06.899 [main] INFO  stepDefinition.GoogleSearch - Chrome Driver is initialized
2024-02-28 14:04:13.466 [main] INFO  stepDefinition.GoogleSearch - Magento Ecommerce website is launched
2024-02-28 15:00:36.121 [main] INFO  stepDefinition.GoogleSearch - Chrome Driver is initialized
2024-02-28 15:02:13.461 [main] INFO  stepDefinition.GoogleSearch - Magento Ecommerce website is launched
2024-02-28 15:06:35.297 [main] INFO  stepDefinition.GoogleSearch - Chrome Driver is initialized
2024-02-28 15:06:37.637 [main] INFO  stepDefinition.GoogleSearch - Magento Ecommerce website is launched
2024-02-28 16:29:24.821 [main] INFO  stepDefinition.GoogleSearch - Chrome Driver is initialized
2024-02-28 16:29:32.499 [main] INFO  stepDefinition.GoogleSearch - Magento Ecommerce website is launched
2024-02-28 16:30:16.357 [main] INFO  stepDefinition.GoogleSearch - Chrome Driver is initialized
2024-02-28 16:30:18.813 [main] INFO  stepDefinition.GoogleSearch - Magento Ecommerce website is launched
2024-02-28 16:31:12.862 [main] INFO  stepDefinition.GoogleSearch - Chrome Driver is initialized
2024-02-28 16:31:23.585 [main] INFO  stepDefinition.GoogleSearch - Magento Ecommerce website is launched
2024-02-28 16:32:00.960 [main] INFO  stepDefinition.GoogleSearch - Chrome Driver is initialized
2024-02-28 16:32:16.758 [main] INFO  stepDefinition.GoogleSearch - Magento Ecommerce website is launched
2024-02-28 16:33:15.648 [main] INFO  stepDefinition.GoogleSearch - Chrome Driver is initialized
2024-02-28 16:33:18.090 [main] INFO  stepDefinition.GoogleSearch - Magento Ecommerce website is launched
